# JRE version: Java(TM) SE Runtime Environment 18.9 (11.0.26+7) (build 11.0.26+7-LTS-187)
# Java VM: Java HotSpot(TM) 64-Bit Server VM 18.9 (11.0.26+7-LTS-187, mixed mode, tiered, compressed oops, g1 gc, windows-amd64)
Heap:
 garbage-first heap   total 129024K, used 23903K [0x0000000083200000, 0x0000000100000000)
  region size 1024K, 18 young (18432K), 5 survivors (5120K)
 Metaspace       used 30213K, capacity 31059K, committed 31232K, reserved 1077248K
  class space    used 3441K, capacity 3775K, committed 3840K, reserved 1048576K
GC Heap History (10 events):
Event: 2.068 GC heap before
{Heap before GC invocations=0 (full 0):
 garbage-first heap   total 129024K, used 14336K [0x0000000083200000, 0x0000000100000000)
  region size 1024K, 14 young (14336K), 0 survivors (0K)
 Metaspace       used 13431K, capacity 13680K, committed 13952K, reserved 1062912K
  class space    used 1299K, capacity 1377K, committed 1408K, reserved 1048576K
}
Event: 2.082 GC heap after
{Heap after GC invocations=1 (full 0):
 garbage-first heap   total 129024K, used 6866K [0x0000000083200000, 0x0000000100000000)
  region size 1024K, 2 young (2048K), 2 survivors (2048K)
 Metaspace       used 13431K, capacity 13680K, committed 13952K, reserved 1062912K
  class space    used 1299K, capacity 1377K, committed 1408K, reserved 1048576K
}
Event: 2.340 GC heap before
{Heap before GC invocations=1 (full 0):
 garbage-first heap   total 129024K, used 10962K [0x0000000083200000, 0x0000000100000000)
  region size 1024K, 6 young (6144K), 2 survivors (2048K)
 Metaspace       used 14242K, capacity 14531K, committed 14592K, reserved 1062912K
  class space    used 1397K, capacity 1493K, committed 1536K, reserved 1048576K
}
Event: 2.346 GC heap after
{Heap after GC invocations=2 (full 0):
 garbage-first heap   total 129024K, used 7441K [0x0000000083200000, 0x0000000100000000)
  region size 1024K, 1 young (1024K), 1 survivors (1024K)
 Metaspace       used 14242K, capacity 14531K, committed 14592K, reserved 1062912K
  class space    used 1397K, capacity 1493K, committed 1536K, reserved 1048576K
}
Event: 3.973 GC heap before
{Heap before GC invocations=2 (full 0):
 garbage-first heap   total 129024K, used 24849K [0x0000000083200000, 0x0000000100000000)
  region size 1024K, 18 young (18432K), 1 survivors (1024K)
 Metaspace       used 19529K, capacity 20061K, committed 20352K, reserved 1067008K
  class space    used 2102K, capacity 2306K, committed 2432K, reserved 1048576K
}
Event: 3.979 GC heap after
{Heap after GC invocations=3 (full 0):
 garbage-first heap   total 129024K, used 8680K [0x0000000083200000, 0x0000000100000000)
  region size 1024K, 2 young (2048K), 2 survivors (2048K)
 Metaspace       used 19529K, capacity 20061K, committed 20352K, reserved 1067008K
  class space    used 2102K, capacity 2306K, committed 2432K, reserved 1048576K
}
Event: 4.341 GC heap before
{Heap before GC invocations=3 (full 0):
 garbage-first heap   total 129024K, used 14824K [0x0000000083200000, 0x0000000100000000)
  region size 1024K, 9 young (9216K), 2 survivors (2048K)
 Metaspace       used 20602K, capacity 21148K, committed 21248K, reserved 1069056K
  class space    used 2270K, capacity 2493K, committed 2560K, reserved 1048576K
}
Event: 4.347 GC heap after
{Heap after GC invocations=4 (full 0):
 garbage-first heap   total 129024K, used 9216K [0x0000000083200000, 0x0000000100000000)
  region size 1024K, 2 young (2048K), 2 survivors (2048K)
 Metaspace       used 20602K, capacity 21148K, committed 21248K, reserved 1069056K
  class space    used 2270K, capacity 2493K, committed 2560K, reserved 1048576K
}
Event: 6.406 GC heap before
{Heap before GC invocations=5 (full 0):
 garbage-first heap   total 129024K, used 55296K [0x0000000083200000, 0x0000000100000000)
  region size 1024K, 48 young (49152K), 2 survivors (2048K)
 Metaspace       used 29001K, capacity 29745K, committed 30080K, reserved 1075200K
  class space    used 3293K, capacity 3596K, committed 3712K, reserved 1048576K
}
Event: 6.425 GC heap after
{Heap after GC invocations=6 (full 0):
 garbage-first heap   total 129024K, used 11615K [0x0000000083200000, 0x0000000100000000)
  region size 1024K, 5 young (5120K), 5 survivors (5120K)
 Metaspace       used 29001K, capacity 29745K, committed 30080K, reserved 1075200K
  class space    used 3293K, capacity 3596K, committed 3712K, reserved 1048576K
}

